<?xml version="1.0" encoding="UTF-8"?>
<!-- Generated by org.testng.reporters.JUnitXMLReporter -->
<testsuite ignored="21" hostname="Chittaranjan-Ideapad" failures="0" tests="3" name="Regression" time="116.002" errors="0" timestamp="2022-09-22T07:03:17 IST">
  <testcase classname="com.mystore.testcases.OrderPageTest" name="verifyTotalPriceTest" time="13.578"/>
  <testcase classname="com.mystore.testcases.AddToCartPageTest" name="addToCartTest" time="9.936"/>
  <testcase classname="com.mystore.testcases.EndToEndTest" name="endToEndTest" time="60.172"/>
  <testcase classname="com.mystore.base.BaseClass" name="@BeforeTest loadConfig" time="0.0">
    <ignored/>
  </testcase> <!-- @BeforeTest loadConfig -->
  <testcase classname="com.mystore.base.BaseClass" name="@BeforeTest loadConfig" time="0.0">
    <ignored/>
  </testcase> <!-- @BeforeTest loadConfig -->
  <testcase classname="com.mystore.base.BaseClass" name="@BeforeTest loadConfig" time="0.0">
    <ignored/>
  </testcase> <!-- @BeforeTest loadConfig -->
  <testcase classname="com.mystore.base.BaseClass" name="@BeforeTest loadConfig" time="0.0">
    <ignored/>
  </testcase> <!-- @BeforeTest loadConfig -->
  <testcase classname="com.mystore.base.BaseClass" name="@BeforeTest loadConfig" time="0.0">
    <ignored/>
  </testcase> <!-- @BeforeTest loadConfig -->
  <testcase classname="com.mystore.base.BaseClass" name="@BeforeTest loadConfig" time="0.0">
    <ignored/>
  </testcase> <!-- @BeforeTest loadConfig -->
  <testcase classname="com.mystore.base.BaseClass" name="@BeforeTest loadConfig" time="0.0">
    <ignored/>
  </testcase> <!-- @BeforeTest loadConfig -->
  <testcase classname="com.mystore.base.BaseClass" name="@BeforeSuite beforeSuite" time="0.0">
    <ignored/>
  </testcase> <!-- @BeforeSuite beforeSuite -->
  <testcase classname="com.mystore.base.BaseClass" name="@BeforeSuite beforeSuite" time="0.0">
    <ignored/>
  </testcase> <!-- @BeforeSuite beforeSuite -->
  <testcase classname="com.mystore.base.BaseClass" name="@BeforeSuite beforeSuite" time="0.0">
    <ignored/>
  </testcase> <!-- @BeforeSuite beforeSuite -->
  <testcase classname="com.mystore.base.BaseClass" name="@BeforeSuite beforeSuite" time="0.0">
    <ignored/>
  </testcase> <!-- @BeforeSuite beforeSuite -->
  <testcase classname="com.mystore.base.BaseClass" name="@BeforeSuite beforeSuite" time="0.0">
    <ignored/>
  </testcase> <!-- @BeforeSuite beforeSuite -->
  <testcase classname="com.mystore.base.BaseClass" name="@BeforeSuite beforeSuite" time="0.0">
    <ignored/>
  </testcase> <!-- @BeforeSuite beforeSuite -->
  <testcase classname="com.mystore.base.BaseClass" name="@BeforeSuite beforeSuite" time="0.0">
    <ignored/>
  </testcase> <!-- @BeforeSuite beforeSuite -->
  <testcase classname="com.mystore.testcases.LoginPageTest" name="loginTest" time="0.0">
    <ignored/>
  </testcase> <!-- loginTest -->
  <testcase classname="com.mystore.testcases.AccountCreationPageTest" name="createAccountTest" time="0.0">
    <ignored/>
  </testcase> <!-- createAccountTest -->
  <testcase classname="com.mystore.testcases.SearchResultPageTest" name="productAvailabilityTest" time="0.0">
    <ignored/>
  </testcase> <!-- productAvailabilityTest -->
  <testcase classname="com.mystore.testcases.IndexPageTest" name="myStroreLogoTest" time="0.0">
    <ignored/>
  </testcase> <!-- myStroreLogoTest -->
  <testcase classname="com.mystore.testcases.HomePageTest" name="wishListTest" time="0.0">
    <ignored/>
  </testcase> <!-- wishListTest -->
  <testcase classname="com.mystore.testcases.HomePageTest" name="orderHistoryAndDetailsTest" time="0.0">
    <ignored/>
  </testcase> <!-- orderHistoryAndDetailsTest -->
  <testcase classname="com.mystore.testcases.IndexPageTest" name="myStroreTitleTest" time="0.0">
    <ignored/>
  </testcase> <!-- myStroreTitleTest -->
</testsuite> <!-- Regression -->
